2026-01-15 10:57:04.782 [INFO] m4.act7.M4_Activity6 - Deposit requested: ₱5000.0
2026-01-15 10:57:04.790 [INFO] m4.act7.M4_Activity6 - Deposit completed: ₱5000.0, New balance: ₱15000.0
2026-01-15 10:57:04.791 [INFO] m4.act7.M4_Activity6 - Withdrawal requested: ₱3000.0
2026-01-15 10:57:04.791 [INFO] m4.act7.M4_Activity6 - Withdrawal completed: ₱3000.0, New balance: ₱12000.0
2026-01-15 10:57:04.792 [INFO] m4.act7.M4_Activity6 - Deposit requested: ₱-500.0
2026-01-15 10:57:04.792 [ERROR] m4.act7.M4_Activity6 - Invalid deposit amount: ₱-500.0
2026-01-15 10:57:04.792 [ERROR] m4.act7.M4_Activity6 - Deposit failed: Deposit amount must be positive
m4.act7.InvalidAmountException: Deposit amount must be positive
	at M4_Activity7/m4.act7.M4_Activity6.deposit(M4_Activity6.java:58)
	at M4_Activity7/m4.act7.M4_Activity6.lambda$2(M4_Activity6.java:20)
	at M4_Activity7/m4.act7.M4_Activity6.runTest(M4_Activity6.java:81)
	at M4_Activity7/m4.act7.M4_Activity6.main(M4_Activity6.java:20)
2026-01-15 10:57:04.797 [INFO] m4.act7.M4_Activity6 - Withdrawal requested: ₱20000.0
2026-01-15 10:57:04.797 [WARN] m4.act7.M4_Activity6 - Insufficient funds: ₱12000.0 available
2026-01-15 10:57:04.798 [ERROR] m4.act7.M4_Activity6 - Deposit failed: Insufficient funds for withdrawal
m4.act7.InsufficientFundsException: Insufficient funds for withdrawal
	at M4_Activity7/m4.act7.M4_Activity6.withdraw(M4_Activity6.java:37)
	at M4_Activity7/m4.act7.M4_Activity6.lambda$3(M4_Activity6.java:21)
	at M4_Activity7/m4.act7.M4_Activity6.runTest(M4_Activity6.java:81)
	at M4_Activity7/m4.act7.M4_Activity6.main(M4_Activity6.java:21)
2026-01-15 10:57:04.799 [INFO] m4.act7.M4_Activity6 - Deposit requested: ₱60000.0
2026-01-15 10:57:04.799 [WARN] m4.act7.M4_Activity6 - Large deposit: ₱60000.0 - requires verification
2026-01-15 10:57:04.799 [INFO] m4.act7.M4_Activity6 - Deposit completed: ₱60000.0, New balance: ₱72000.0
