2026-01-15 14:33:57.800 [INFO] m4.act9.BankAccount - Deposit requested: ₱5000.0
2026-01-15 14:33:57.804 [INFO] m4.act9.BankAccount - Deposit completed: ₱5000.0, New balance: ₱15000.0
2026-01-15 14:33:57.804 [INFO] m4.act9.BankAccount - Withdrawal requested: ₱3000.0
2026-01-15 14:33:57.805 [INFO] m4.act9.BankAccount - Withdrawal completed: ₱3000.0, New balance: ₱12000.0
2026-01-15 14:33:57.805 [INFO] m4.act9.BankAccount - Deposit requested: ₱-500.0
2026-01-15 14:33:57.806 [ERROR] m4.act9.BankAccount - Invalid deposit amount: ₱-500.0
2026-01-15 14:33:57.806 [ERROR] m4.act9.BankAccount - Deposit failed: Deposit amount must be positive
m4.act9.InvalidAmountException: Deposit amount must be positive
	at M4_Activity9/m4.act9.BankAccount.deposit(BankAccount.java:37)
	at M4_Activity9/m4.act9.M4_Activity9.lambda$2(M4_Activity9.java:14)
	at M4_Activity9/m4.act9.M4_Activity9.runTest(M4_Activity9.java:21)
	at M4_Activity9/m4.act9.M4_Activity9.main(M4_Activity9.java:14)
2026-01-15 14:33:57.809 [INFO] m4.act9.BankAccount - Withdrawal requested: ₱20000.0
2026-01-15 14:33:57.809 [WARN] m4.act9.BankAccount - Insufficient funds: ₱12000.0 available
2026-01-15 14:33:57.810 [ERROR] m4.act9.BankAccount - Withdrawal failed: Insufficient funds for withdrawal
m4.act9.InsufficientFundsException: Insufficient funds for withdrawal
	at M4_Activity9/m4.act9.BankAccount.withdraw(BankAccount.java:22)
	at M4_Activity9/m4.act9.M4_Activity9.lambda$3(M4_Activity9.java:15)
	at M4_Activity9/m4.act9.M4_Activity9.runTest(M4_Activity9.java:21)
	at M4_Activity9/m4.act9.M4_Activity9.main(M4_Activity9.java:15)
2026-01-15 14:33:57.810 [INFO] m4.act9.BankAccount - Deposit requested: ₱60000.0
2026-01-15 14:33:57.810 [WARN] m4.act9.BankAccount - Large deposit: ₱60000.0 - requires verification
2026-01-15 14:33:57.811 [INFO] m4.act9.BankAccount - Deposit completed: ₱60000.0, New balance: ₱72000.0
